-------------------------------------------------------------------------------
Test set: com.huly.backend.domain.useCase.userGoal.GetGoalImageUseCaseTest
-------------------------------------------------------------------------------
Tests run: 1, Failures: 0, Errors: 1, Skipped: 0, Time elapsed: 0.015 s <<< FAILURE! -- in com.huly.backend.domain.useCase.userGoal.GetGoalImageUseCaseTest
com.huly.backend.domain.useCase.userGoal.GetGoalImageUseCaseTest.execute_shouldDelegateToImageStorageService -- Time elapsed: 0.004 s <<< ERROR!
java.lang.NoClassDefFoundError: com/huly/backend/domain/service/userGoal/ImageStorageService
	at com.huly.backend.domain.useCase.userGoal.GetGoalImageUseCaseTest.execute_shouldDelegateToImageStorageService(GetGoalImageUseCaseTest.java:15)
Caused by: java.lang.ClassNotFoundException: com.huly.backend.domain.service.userGoal.ImageStorageService
	at java.base/jdk.internal.loader.BuiltinClassLoader.loadClass(BuiltinClassLoader.java:641)
	at java.base/jdk.internal.loader.ClassLoaders$AppClassLoader.loadClass(ClassLoaders.java:188)
	at java.base/java.lang.ClassLoader.loadClass(ClassLoader.java:525)
	... 1 more

