-------------------------------------------------------------------------------
Test set: com.huly.backend.domain.useCase.store.GetUserInventoryUseCaseTest
-------------------------------------------------------------------------------
Tests run: 1, Failures: 0, Errors: 1, Skipped: 0, Time elapsed: 0.001 s <<< FAILURE! -- in com.huly.backend.domain.useCase.store.GetUserInventoryUseCaseTest
com.huly.backend.domain.useCase.store.GetUserInventoryUseCaseTest -- Time elapsed: 0.001 s <<< ERROR!
java.lang.NoClassDefFoundError: com/huly/backend/domain/repository/UserStoreItemRepository
	at java.base/java.lang.Class.getDeclaredFields0(Native Method)
	at java.base/java.lang.Class.privateGetDeclaredFields(Class.java:3299)
	at java.base/java.lang.Class.getDeclaredFields(Class.java:2373)
	at java.base/java.util.ArrayList.forEach(ArrayList.java:1511)
Caused by: java.lang.ClassNotFoundException: com.huly.backend.domain.repository.UserStoreItemRepository
	at java.base/jdk.internal.loader.BuiltinClassLoader.loadClass(BuiltinClassLoader.java:641)
	at java.base/jdk.internal.loader.ClassLoaders$AppClassLoader.loadClass(ClassLoaders.java:188)
	at java.base/java.lang.ClassLoader.loadClass(ClassLoader.java:525)
	... 4 more

