-------------------------------------------------------------------------------
Test set: com.huly.backend.infrastructure.security.JwtServiceTest
-------------------------------------------------------------------------------
Tests run: 13, Failures: 0, Errors: 6, Skipped: 0, Time elapsed: 0.982 s <<< FAILURE! -- in com.huly.backend.infrastructure.security.JwtServiceTest
com.huly.backend.infrastructure.security.JwtServiceTest.isTokenValid_shouldReturnTrue_forFreshToken -- Time elapsed: 0.005 s <<< ERROR!
java.lang.NoClassDefFoundError: com/huly/backend/domain/model/enums/UserStatus
	at com.huly.backend.infrastructure.security.JwtServiceTest.isTokenValid_shouldReturnTrue_forFreshToken(JwtServiceTest.java:74)
Caused by: java.lang.ClassNotFoundException: com.huly.backend.domain.model.enums.UserStatus
	at java.base/jdk.internal.loader.BuiltinClassLoader.loadClass(BuiltinClassLoader.java:641)
	at java.base/jdk.internal.loader.ClassLoaders$AppClassLoader.loadClass(ClassLoaders.java:188)
	at java.base/java.lang.ClassLoader.loadClass(ClassLoader.java:525)
	... 1 more

com.huly.backend.infrastructure.security.JwtServiceTest.isTokenValid_shouldReturnFalse_forExpiredToken -- Time elapsed: 0.002 s <<< ERROR!
java.lang.NoClassDefFoundError: com/huly/backend/domain/model/enums/UserStatus
	at com.huly.backend.infrastructure.security.JwtServiceTest.isTokenValid_shouldReturnFalse_forExpiredToken(JwtServiceTest.java:87)
Caused by: java.lang.ClassNotFoundException: com.huly.backend.domain.model.enums.UserStatus
	... 1 more

com.huly.backend.infrastructure.security.JwtServiceTest.generateAccessToken_shouldProduceUniqueTokens_whenCalledInSuccession -- Time elapsed: 0.002 s <<< ERROR!
java.lang.NoClassDefFoundError: com/huly/backend/domain/model/enums/UserStatus
	at com.huly.backend.infrastructure.security.JwtServiceTest.generateAccessToken_shouldProduceUniqueTokens_whenCalledInSuccession(JwtServiceTest.java:107)
Caused by: java.lang.ClassNotFoundException: com.huly.backend.domain.model.enums.UserStatus
	... 1 more

com.huly.backend.infrastructure.security.JwtServiceTest.isRefreshToken_shouldReturnTrue_forRefreshTokenOnly -- Time elapsed: 0.002 s <<< ERROR!
java.lang.NoClassDefFoundError: com/huly/backend/domain/model/enums/UserStatus
	at com.huly.backend.infrastructure.security.JwtServiceTest.isRefreshToken_shouldReturnTrue_forRefreshTokenOnly(JwtServiceTest.java:55)
Caused by: java.lang.ClassNotFoundException: com.huly.backend.domain.model.enums.UserStatus
	... 1 more

com.huly.backend.infrastructure.security.JwtServiceTest.generateAccessToken_shouldBeValidAndContainEmailAndUserId -- Time elapsed: 0.003 s <<< ERROR!
java.lang.NoClassDefFoundError: com/huly/backend/domain/model/enums/UserStatus
	at com.huly.backend.infrastructure.security.JwtServiceTest.generateAccessToken_shouldBeValidAndContainEmailAndUserId(JwtServiceTest.java:26)
Caused by: java.lang.ClassNotFoundException: com.huly.backend.domain.model.enums.UserStatus
	... 1 more

com.huly.backend.infrastructure.security.JwtServiceTest.isAccessToken_shouldReturnTrue_forAccessTokenOnly -- Time elapsed: 0.002 s <<< ERROR!
java.lang.NoClassDefFoundError: com/huly/backend/domain/model/enums/UserStatus
	at com.huly.backend.infrastructure.security.JwtServiceTest.isAccessToken_shouldReturnTrue_forAccessTokenOnly(JwtServiceTest.java:46)
Caused by: java.lang.ClassNotFoundException: com.huly.backend.domain.model.enums.UserStatus
	... 1 more

