-------------------------------------------------------------------------------
Test set: com.huly.backend.domain.model.enums.TimeframeTest
-------------------------------------------------------------------------------
Tests run: 2, Failures: 0, Errors: 2, Skipped: 0, Time elapsed: 0.009 s <<< FAILURE! -- in com.huly.backend.domain.model.enums.TimeframeTest
com.huly.backend.domain.model.enums.TimeframeTest.testGetStartInstant -- Time elapsed: 0.004 s <<< ERROR!
java.lang.NoClassDefFoundError: com/huly/backend/domain/model/enums/Timeframe
	at com.huly.backend.domain.model.enums.TimeframeTest.testGetStartInstant(TimeframeTest.java:28)
Caused by: java.lang.ClassNotFoundException: com.huly.backend.domain.model.enums.Timeframe
	at java.base/jdk.internal.loader.BuiltinClassLoader.loadClass(BuiltinClassLoader.java:641)
	at java.base/jdk.internal.loader.ClassLoaders$AppClassLoader.loadClass(ClassLoaders.java:188)
	at java.base/java.lang.ClassLoader.loadClass(ClassLoader.java:525)
	... 1 more

com.huly.backend.domain.model.enums.TimeframeTest.testFromString -- Time elapsed: 0.002 s <<< ERROR!
java.lang.NoClassDefFoundError: com/huly/backend/domain/model/enums/Timeframe
	at com.huly.backend.domain.model.enums.TimeframeTest.testFromString(TimeframeTest.java:13)
Caused by: java.lang.ClassNotFoundException: com.huly.backend.domain.model.enums.Timeframe
	... 1 more

