-------------------------------------------------------------------------------
Test set: com.huly.backend.infrastructure.repository.entity.ExtensionMetricEntityTest
-------------------------------------------------------------------------------
Tests run: 3, Failures: 0, Errors: 3, Skipped: 0, Time elapsed: 0.011 s <<< FAILURE! -- in com.huly.backend.infrastructure.repository.entity.ExtensionMetricEntityTest
com.huly.backend.infrastructure.repository.entity.ExtensionMetricEntityTest.testGettersAndSetters -- Time elapsed: 0.003 s <<< ERROR!
java.lang.NoClassDefFoundError: com/huly/backend/infrastructure/repository/entity/AppUserEntity$AppUserEntityBuilder
	at com.huly.backend.infrastructure.repository.entity.AppUserEntity.builder(AppUserEntity.java:17)
	at com.huly.backend.infrastructure.repository.entity.ExtensionMetricEntityTest.testGettersAndSetters(ExtensionMetricEntityTest.java:11)
Caused by: java.lang.ClassNotFoundException: com.huly.backend.infrastructure.repository.entity.AppUserEntity$AppUserEntityBuilder
	at java.base/jdk.internal.loader.BuiltinClassLoader.loadClass(BuiltinClassLoader.java:641)
	at java.base/jdk.internal.loader.ClassLoaders$AppClassLoader.loadClass(ClassLoaders.java:188)
	at java.base/java.lang.ClassLoader.loadClass(ClassLoader.java:525)
	... 2 more

com.huly.backend.infrastructure.repository.entity.ExtensionMetricEntityTest.testPrePersist -- Time elapsed: 0.002 s <<< ERROR!
java.lang.NoClassDefFoundError: com/huly/backend/infrastructure/repository/entity/ExtensionMetricEntity
	at com.huly.backend.infrastructure.repository.entity.ExtensionMetricEntityTest.testPrePersist(ExtensionMetricEntityTest.java:36)
Caused by: java.lang.ClassNotFoundException: com.huly.backend.infrastructure.repository.entity.ExtensionMetricEntity
	at java.base/jdk.internal.loader.BuiltinClassLoader.loadClass(BuiltinClassLoader.java:641)
	at java.base/jdk.internal.loader.ClassLoaders$AppClassLoader.loadClass(ClassLoaders.java:188)
	at java.base/java.lang.ClassLoader.loadClass(ClassLoader.java:525)
	... 1 more

com.huly.backend.infrastructure.repository.entity.ExtensionMetricEntityTest.testAllArgsConstructorAndBuilder -- Time elapsed: 0.002 s <<< ERROR!
java.lang.NoClassDefFoundError: com/huly/backend/infrastructure/repository/entity/AppUserEntity$AppUserEntityBuilder
	at com.huly.backend.infrastructure.repository.entity.AppUserEntity.builder(AppUserEntity.java:17)
	at com.huly.backend.infrastructure.repository.entity.ExtensionMetricEntityTest.testAllArgsConstructorAndBuilder(ExtensionMetricEntityTest.java:47)
Caused by: java.lang.ClassNotFoundException: com.huly.backend.infrastructure.repository.entity.AppUserEntity$AppUserEntityBuilder
	... 2 more

