-------------------------------------------------------------------------------
Test set: com.huly.backend.infrastructure.presentation.controller.ChatbotDashboardControllerTest
-------------------------------------------------------------------------------
Tests run: 4, Failures: 0, Errors: 4, Skipped: 0, Time elapsed: 0.035 s <<< FAILURE! -- in com.huly.backend.infrastructure.presentation.controller.ChatbotDashboardControllerTest
com.huly.backend.infrastructure.presentation.controller.ChatbotDashboardControllerTest.getTrainingLogs_shouldReturnMockList -- Time elapsed: 0.016 s <<< ERROR!
java.lang.NoClassDefFoundError: com/huly/backend/infrastructure/presentation/controller/ChatbotDashboardController
	at com.huly.backend.infrastructure.presentation.controller.ChatbotDashboardControllerTest.setUp(ChatbotDashboardControllerTest.java:18)
Caused by: java.lang.ClassNotFoundException: com.huly.backend.infrastructure.presentation.controller.ChatbotDashboardController
	at java.base/jdk.internal.loader.BuiltinClassLoader.loadClass(BuiltinClassLoader.java:641)
	at java.base/jdk.internal.loader.ClassLoaders$AppClassLoader.loadClass(ClassLoaders.java:188)
	at java.base/java.lang.ClassLoader.loadClass(ClassLoader.java:525)
	... 1 more

com.huly.backend.infrastructure.presentation.controller.ChatbotDashboardControllerTest.getEmotionalCategories_shouldReturnMockList -- Time elapsed: 0.008 s <<< ERROR!
java.lang.NoClassDefFoundError: com/huly/backend/infrastructure/presentation/controller/ChatbotDashboardController
	at com.huly.backend.infrastructure.presentation.controller.ChatbotDashboardControllerTest.setUp(ChatbotDashboardControllerTest.java:18)
Caused by: java.lang.ClassNotFoundException: com.huly.backend.infrastructure.presentation.controller.ChatbotDashboardController
	... 1 more

com.huly.backend.infrastructure.presentation.controller.ChatbotDashboardControllerTest.getActivities_shouldReturnMockList -- Time elapsed: 0.001 s <<< ERROR!
java.lang.NoClassDefFoundError: com/huly/backend/infrastructure/presentation/controller/ChatbotDashboardController
	at com.huly.backend.infrastructure.presentation.controller.ChatbotDashboardControllerTest.setUp(ChatbotDashboardControllerTest.java:18)
Caused by: java.lang.ClassNotFoundException: com.huly.backend.infrastructure.presentation.controller.ChatbotDashboardController
	... 1 more

com.huly.backend.infrastructure.presentation.controller.ChatbotDashboardControllerTest.getWellbeing_shouldReturnMockData -- Time elapsed: 0.006 s <<< ERROR!
java.lang.NoClassDefFoundError: com/huly/backend/infrastructure/presentation/controller/ChatbotDashboardController
	at com.huly.backend.infrastructure.presentation.controller.ChatbotDashboardControllerTest.setUp(ChatbotDashboardControllerTest.java:18)
Caused by: java.lang.ClassNotFoundException: com.huly.backend.infrastructure.presentation.controller.ChatbotDashboardController
	... 1 more

