-------------------------------------------------------------------------------
Test set: com.huly.backend.domain.service.EmotionalRecommendationServiceTest
-------------------------------------------------------------------------------
Tests run: 11, Failures: 0, Errors: 11, Skipped: 0, Time elapsed: 0.069 s <<< FAILURE! -- in com.huly.backend.domain.service.EmotionalRecommendationServiceTest
com.huly.backend.domain.service.EmotionalRecommendationServiceTest.recommend_shouldOrderByScoreDescending -- Time elapsed: 0.004 s <<< ERROR!
java.lang.NoClassDefFoundError: com/huly/backend/domain/model/activity/Activity$ActivityBuilder
	at com.huly.backend.domain.model.activity.Activity.builder(Activity.java:8)
	at com.huly.backend.domain.service.EmotionalRecommendationServiceTest.activity(EmotionalRecommendationServiceTest.java:252)
	at com.huly.backend.domain.service.EmotionalRecommendationServiceTest.defaultActivities(EmotionalRecommendationServiceTest.java:232)
	at com.huly.backend.domain.service.EmotionalRecommendationServiceTest.recommend_shouldOrderByScoreDescending(EmotionalRecommendationServiceTest.java:66)
Caused by: java.lang.ClassNotFoundException: com.huly.backend.domain.model.activity.Activity$ActivityBuilder
	at java.base/jdk.internal.loader.BuiltinClassLoader.loadClass(BuiltinClassLoader.java:641)
	at java.base/jdk.internal.loader.ClassLoaders$AppClassLoader.loadClass(ClassLoaders.java:188)
	at java.base/java.lang.ClassLoader.loadClass(ClassLoader.java:525)
	... 4 more

com.huly.backend.domain.service.EmotionalRecommendationServiceTest.recommend_shouldKeepVadRanking_whenUserHistoryIsEmpty -- Time elapsed: 0.002 s <<< ERROR!
java.lang.NoClassDefFoundError: com/huly/backend/domain/model/activity/Activity$ActivityBuilder
	at com.huly.backend.domain.model.activity.Activity.builder(Activity.java:8)
	at com.huly.backend.domain.service.EmotionalRecommendationServiceTest.activity(EmotionalRecommendationServiceTest.java:252)
	at com.huly.backend.domain.service.EmotionalRecommendationServiceTest.defaultActivities(EmotionalRecommendationServiceTest.java:232)
	at com.huly.backend.domain.service.EmotionalRecommendationServiceTest.recommend_shouldKeepVadRanking_whenUserHistoryIsEmpty(EmotionalRecommendationServiceTest.java:87)
Caused by: java.lang.ClassNotFoundException: com.huly.backend.domain.model.activity.Activity$ActivityBuilder
	... 4 more

com.huly.backend.domain.service.EmotionalRecommendationServiceTest.recommend_shouldSuggestJournalOrCloudForLowValenceWithMediumArousal -- Time elapsed: 0.002 s <<< ERROR!
java.lang.NoClassDefFoundError: com/huly/backend/domain/model/activity/Activity$ActivityBuilder
	at com.huly.backend.domain.model.activity.Activity.builder(Activity.java:8)
	at com.huly.backend.domain.service.EmotionalRecommendationServiceTest.activity(EmotionalRecommendationServiceTest.java:252)
	at com.huly.backend.domain.service.EmotionalRecommendationServiceTest.defaultActivities(EmotionalRecommendationServiceTest.java:232)
	at com.huly.backend.domain.service.EmotionalRecommendationServiceTest.recommend_shouldSuggestJournalOrCloudForLowValenceWithMediumArousal(EmotionalRecommendationServiceTest.java:38)
Caused by: java.lang.ClassNotFoundException: com.huly.backend.domain.model.activity.Activity$ActivityBuilder
	... 4 more

com.huly.backend.domain.service.EmotionalRecommendationServiceTest.recommend_shouldRaiseActivityWithPositiveAcceptedHistory -- Time elapsed: 0.006 s <<< ERROR!
java.lang.NoClassDefFoundError: com/huly/backend/domain/model/activity/Activity$ActivityBuilder
	at com.huly.backend.domain.model.activity.Activity.builder(Activity.java:8)
	at com.huly.backend.domain.service.EmotionalRecommendationServiceTest.activity(EmotionalRecommendationServiceTest.java:252)
	at com.huly.backend.domain.service.EmotionalRecommendationServiceTest.defaultActivities(EmotionalRecommendationServiceTest.java:232)
	at com.huly.backend.domain.service.EmotionalRecommendationServiceTest.recommend_shouldRaiseActivityWithPositiveAcceptedHistory(EmotionalRecommendationServiceTest.java:107)
Caused by: java.lang.ClassNotFoundException: com.huly.backend.domain.model.activity.Activity$ActivityBuilder
	... 4 more

com.huly.backend.domain.service.EmotionalRecommendationServiceTest.recommend_shouldRankBreathingFirstForAnxietyWithHighArousal -- Time elapsed: 0.003 s <<< ERROR!
java.lang.NoClassDefFoundError: com/huly/backend/domain/model/activity/Activity$ActivityBuilder
	at com.huly.backend.domain.model.activity.Activity.builder(Activity.java:8)
	at com.huly.backend.domain.service.EmotionalRecommendationServiceTest.activity(EmotionalRecommendationServiceTest.java:252)
	at com.huly.backend.domain.service.EmotionalRecommendationServiceTest.defaultActivities(EmotionalRecommendationServiceTest.java:232)
	at com.huly.backend.domain.service.EmotionalRecommendationServiceTest.recommend_shouldRankBreathingFirstForAnxietyWithHighArousal(EmotionalRecommendationServiceTest.java:26)
Caused by: java.lang.ClassNotFoundException: com.huly.backend.domain.model.activity.Activity$ActivityBuilder
	... 4 more

com.huly.backend.domain.service.EmotionalRecommendationServiceTest.recommend_shouldUseUserGoalToInfluenceRanking -- Time elapsed: 0.002 s <<< ERROR!
java.lang.NoClassDefFoundError: com/huly/backend/domain/model/activity/Activity$ActivityBuilder
	at com.huly.backend.domain.model.activity.Activity.builder(Activity.java:8)
	at com.huly.backend.domain.service.EmotionalRecommendationServiceTest.activity(EmotionalRecommendationServiceTest.java:252)
	at com.huly.backend.domain.service.EmotionalRecommendationServiceTest.defaultActivities(EmotionalRecommendationServiceTest.java:232)
	at com.huly.backend.domain.service.EmotionalRecommendationServiceTest.recommend_shouldUseUserGoalToInfluenceRanking(EmotionalRecommendationServiceTest.java:78)
Caused by: java.lang.ClassNotFoundException: com.huly.backend.domain.model.activity.Activity$ActivityBuilder
	... 4 more

com.huly.backend.domain.service.EmotionalRecommendationServiceTest.recommend_shouldUseFallbackWhenNoActivityMatchesVadRanges -- Time elapsed: 0.002 s <<< ERROR!
java.lang.NoClassDefFoundError: com/huly/backend/domain/model/activity/Activity$ActivityBuilder
	at com.huly.backend.domain.model.activity.Activity.builder(Activity.java:8)
	at com.huly.backend.domain.service.EmotionalRecommendationServiceTest.activity(EmotionalRecommendationServiceTest.java:252)
	at com.huly.backend.domain.service.EmotionalRecommendationServiceTest.recommend_shouldUseFallbackWhenNoActivityMatchesVadRanges(EmotionalRecommendationServiceTest.java:49)
Caused by: java.lang.ClassNotFoundException: com.huly.backend.domain.model.activity.Activity$ActivityBuilder
	... 3 more

com.huly.backend.domain.service.EmotionalRecommendationServiceTest.recommend_shouldUseChosenActivityAsPositiveSignal_whenUserChoseOther -- Time elapsed: 0.003 s <<< ERROR!
java.lang.NoClassDefFoundError: com/huly/backend/domain/model/activity/Activity$ActivityBuilder
	at com.huly.backend.domain.model.activity.Activity.builder(Activity.java:8)
	at com.huly.backend.domain.service.EmotionalRecommendationServiceTest.activity(EmotionalRecommendationServiceTest.java:252)
	at com.huly.backend.domain.service.EmotionalRecommendationServiceTest.defaultActivities(EmotionalRecommendationServiceTest.java:232)
	at com.huly.backend.domain.service.EmotionalRecommendationServiceTest.recommend_shouldUseChosenActivityAsPositiveSignal_whenUserChoseOther(EmotionalRecommendationServiceTest.java:137)
Caused by: java.lang.ClassNotFoundException: com.huly.backend.domain.model.activity.Activity$ActivityBuilder
	... 4 more

com.huly.backend.domain.service.EmotionalRecommendationServiceTest.recommend_shouldLowerActivityWithIgnoredHistory -- Time elapsed: 0.002 s <<< ERROR!
java.lang.NoClassDefFoundError: com/huly/backend/domain/model/activity/Activity$ActivityBuilder
	at com.huly.backend.domain.model.activity.Activity.builder(Activity.java:8)
	at com.huly.backend.domain.service.EmotionalRecommendationServiceTest.activity(EmotionalRecommendationServiceTest.java:252)
	at com.huly.backend.domain.service.EmotionalRecommendationServiceTest.defaultActivities(EmotionalRecommendationServiceTest.java:232)
	at com.huly.backend.domain.service.EmotionalRecommendationServiceTest.recommend_shouldLowerActivityWithIgnoredHistory(EmotionalRecommendationServiceTest.java:122)
Caused by: java.lang.ClassNotFoundException: com.huly.backend.domain.model.activity.Activity$ActivityBuilder
	... 4 more

com.huly.backend.domain.service.EmotionalRecommendationServiceTest.recommend_shouldKeepTrendAdjustmentBoundedSoVadStillMatters -- Time elapsed: 0.005 s <<< ERROR!
java.lang.NoClassDefFoundError: com/huly/backend/domain/model/activity/Activity$ActivityBuilder
	at com.huly.backend.domain.model.activity.Activity.builder(Activity.java:8)
	at com.huly.backend.domain.service.EmotionalRecommendationServiceTest.activity(EmotionalRecommendationServiceTest.java:252)
	at com.huly.backend.domain.service.EmotionalRecommendationServiceTest.defaultActivities(EmotionalRecommendationServiceTest.java:232)
	at com.huly.backend.domain.service.EmotionalRecommendationServiceTest.recommend_shouldKeepTrendAdjustmentBoundedSoVadStillMatters(EmotionalRecommendationServiceTest.java:175)
Caused by: java.lang.ClassNotFoundException: com.huly.backend.domain.model.activity.Activity$ActivityBuilder
	... 4 more

com.huly.backend.domain.service.EmotionalRecommendationServiceTest.recommend_shouldRaiseHighFeedbackAndLowerLowFeedback -- Time elapsed: 0.005 s <<< ERROR!
java.lang.NoClassDefFoundError: com/huly/backend/domain/model/activity/Activity$ActivityBuilder
	at com.huly.backend.domain.model.activity.Activity.builder(Activity.java:8)
	at com.huly.backend.domain.service.EmotionalRecommendationServiceTest.activity(EmotionalRecommendationServiceTest.java:252)
	at com.huly.backend.domain.service.EmotionalRecommendationServiceTest.defaultActivities(EmotionalRecommendationServiceTest.java:232)
	at com.huly.backend.domain.service.EmotionalRecommendationServiceTest.recommend_shouldRaiseHighFeedbackAndLowerLowFeedback(EmotionalRecommendationServiceTest.java:154)
Caused by: java.lang.ClassNotFoundException: com.huly.backend.domain.model.activity.Activity$ActivityBuilder
	... 4 more

