-------------------------------------------------------------------------------
Test set: com.huly.backend.infrastructure.presentation.dto.chat.ChatResponseTest
-------------------------------------------------------------------------------
Tests run: 6, Failures: 0, Errors: 6, Skipped: 0, Time elapsed: 0.068 s <<< FAILURE! -- in com.huly.backend.infrastructure.presentation.dto.chat.ChatResponseTest
com.huly.backend.infrastructure.presentation.dto.chat.ChatResponseTest.chatResponse_shouldHandleNullOptionalFields -- Time elapsed: 0.042 s <<< ERROR!
java.lang.NoClassDefFoundError: com/huly/backend/infrastructure/presentation/dto/chat/ChatResponse
	at com.huly.backend.infrastructure.presentation.dto.chat.ChatResponseTest.chatResponse_shouldHandleNullOptionalFields(ChatResponseTest.java:64)
Caused by: java.lang.ClassNotFoundException: com.huly.backend.infrastructure.presentation.dto.chat.ChatResponse
	at java.base/jdk.internal.loader.BuiltinClassLoader.loadClass(BuiltinClassLoader.java:641)
	at java.base/jdk.internal.loader.ClassLoaders$AppClassLoader.loadClass(ClassLoaders.java:188)
	at java.base/java.lang.ClassLoader.loadClass(ClassLoader.java:525)
	... 1 more

com.huly.backend.infrastructure.presentation.dto.chat.ChatResponseTest.metadata_shouldExposeAllFields -- Time elapsed: 0.003 s <<< ERROR!
java.lang.NoClassDefFoundError: com/huly/backend/infrastructure/presentation/dto/chat/ChatResponse$Metadata
	at com.huly.backend.infrastructure.presentation.dto.chat.ChatResponseTest.metadata_shouldExposeAllFields(ChatResponseTest.java:26)
Caused by: java.lang.ClassNotFoundException: com.huly.backend.infrastructure.presentation.dto.chat.ChatResponse$Metadata
	at java.base/jdk.internal.loader.BuiltinClassLoader.loadClass(BuiltinClassLoader.java:641)
	at java.base/jdk.internal.loader.ClassLoaders$AppClassLoader.loadClass(ClassLoaders.java:188)
	at java.base/java.lang.ClassLoader.loadClass(ClassLoader.java:525)
	... 1 more

com.huly.backend.infrastructure.presentation.dto.chat.ChatResponseTest.generatedChallenge_shouldExposeAllFields -- Time elapsed: 0.002 s <<< ERROR!
java.lang.NoClassDefFoundError: com/huly/backend/infrastructure/presentation/dto/chat/ChatResponse$GeneratedChallenge
	at com.huly.backend.infrastructure.presentation.dto.chat.ChatResponseTest.generatedChallenge_shouldExposeAllFields(ChatResponseTest.java:55)
Caused by: java.lang.ClassNotFoundException: com.huly.backend.infrastructure.presentation.dto.chat.ChatResponse$GeneratedChallenge
	at java.base/jdk.internal.loader.BuiltinClassLoader.loadClass(BuiltinClassLoader.java:641)
	at java.base/jdk.internal.loader.ClassLoaders$AppClassLoader.loadClass(ClassLoaders.java:188)
	at java.base/java.lang.ClassLoader.loadClass(ClassLoader.java:525)
	... 1 more

com.huly.backend.infrastructure.presentation.dto.chat.ChatResponseTest.metadata_shouldHandleNullFields -- Time elapsed: 0.002 s <<< ERROR!
java.lang.NoClassDefFoundError: com/huly/backend/infrastructure/presentation/dto/chat/ChatResponse$Metadata
	at com.huly.backend.infrastructure.presentation.dto.chat.ChatResponseTest.metadata_shouldHandleNullFields(ChatResponseTest.java:34)
Caused by: java.lang.ClassNotFoundException: com.huly.backend.infrastructure.presentation.dto.chat.ChatResponse$Metadata
	... 1 more

com.huly.backend.infrastructure.presentation.dto.chat.ChatResponseTest.chatResponse_shouldCreateWithAllFields -- Time elapsed: 0.002 s <<< ERROR!
java.lang.NoClassDefFoundError: com/huly/backend/infrastructure/presentation/dto/chat/ChatResponse$Metadata
	at com.huly.backend.infrastructure.presentation.dto.chat.ChatResponseTest.chatResponse_shouldCreateWithAllFields(ChatResponseTest.java:11)
Caused by: java.lang.ClassNotFoundException: com.huly.backend.infrastructure.presentation.dto.chat.ChatResponse$Metadata
	... 1 more

com.huly.backend.infrastructure.presentation.dto.chat.ChatResponseTest.suggestedAction_shouldExposeAllFields -- Time elapsed: 0.004 s <<< ERROR!
java.lang.NoClassDefFoundError: com/huly/backend/infrastructure/presentation/dto/chat/ChatResponse$SuggestedAction
	at com.huly.backend.infrastructure.presentation.dto.chat.ChatResponseTest.suggestedAction_shouldExposeAllFields(ChatResponseTest.java:42)
Caused by: java.lang.ClassNotFoundException: com.huly.backend.infrastructure.presentation.dto.chat.ChatResponse$SuggestedAction
	at java.base/jdk.internal.loader.BuiltinClassLoader.loadClass(BuiltinClassLoader.java:641)
	at java.base/jdk.internal.loader.ClassLoaders$AppClassLoader.loadClass(ClassLoaders.java:188)
	at java.base/java.lang.ClassLoader.loadClass(ClassLoader.java:525)
	... 1 more

