<?xml version="1.0" encoding="UTF-8"?>
<testsuite xmlns:xsi="http://www.w3.org/2001/XMLSchema-instance" xsi:noNamespaceSchemaLocation="https://maven.apache.org/surefire/maven-surefire-plugin/xsd/surefire-test-report.xsd" version="3.0.2" name="com.huly.backend.infrastructure.adapter.mercadopago.MercadoPagoAdapterTest" time="0.001" tests="1" errors="1" skipped="0" failures="0" flakes="0">
  <properties>
[...]
</properties>
  <testcase name="" classname="com.huly.backend.infrastructure.adapter.mercadopago.MercadoPagoAdapterTest" time="0.001">
    <error message="com/huly/backend/infrastructure/adapter/mercadopago/MercadoPagoAdapter" type="java.lang.NoClassDefFoundError"><![CDATA[java.lang.NoClassDefFoundError: com/huly/backend/infrastructure/adapter/mercadopago/MercadoPagoAdapter
	at java.base/java.lang.Class.getDeclaredFields0(Native Method)
	at java.base/java.lang.Class.privateGetDeclaredFields(Class.java:3299)
	at java.base/java.lang.Class.getDeclaredFields(Class.java:2373)
	at java.base/java.util.ArrayList.forEach(ArrayList.java:1511)
Caused by: java.lang.ClassNotFoundException: com.huly.backend.infrastructure.adapter.mercadopago.MercadoPagoAdapter
	at java.base/jdk.internal.loader.BuiltinClassLoader.loadClass(BuiltinClassLoader.java:641)
	at java.base/jdk.internal.loader.ClassLoaders$AppClassLoader.loadClass(ClassLoaders.java:188)
	at java.base/java.lang.ClassLoader.loadClass(ClassLoader.java:525)
	... 4 more
]]></error>
  </testcase>
</testsuite>